<?xml version="1.0" encoding="UTF-8"?>
<!-- Generated by org.testng.reporters.JUnitReportReporter -->
<testsuite hostname="DESKTOP-F0VVDAF" failures="0" tests="2" name="GeethaAcademy.Mavenjava.SeleniumTest" time="0.000" errors="0" timestamp="2021-11-08T00:45:29 GMT-08:00" skipped="0">
  <testcase classname="GeethaAcademy.Mavenjava.SeleniumTest" name="selenese1" time="0.000"/>
  <system-out/>
  <testcase classname="GeethaAcademy.Mavenjava.SeleniumTest" name="selenese" time="0.000"/>
  <system-out/>
</testsuite> <!-- GeethaAcademy.Mavenjava.SeleniumTest -->
