<?xml version="1.0" encoding="UTF-8"?>
<!-- Generated by org.testng.reporters.JUnitReportReporter -->
<testsuite hostname="DESKTOP-F0VVDAF" failures="0" tests="2" name="GeethaAcademy.Mavenjava.AppiumTest" time="0.007" errors="0" timestamp="2021-11-08T00:54:49 GMT-08:00" skipped="0">
  <testcase classname="GeethaAcademy.Mavenjava.AppiumTest" name="appium1" time="0.000"/>
  <system-out/>
  <testcase classname="GeethaAcademy.Mavenjava.AppiumTest" name="appium" time="0.007"/>
  <system-out/>
</testsuite> <!-- GeethaAcademy.Mavenjava.AppiumTest -->
